2023-05-02 09:35:14 - INFO - Reading the config file
2023-05-02 09:35:14 - INFO - Running the OCR pipeline
2023-05-02 09:35:14 - INFO - Extracting text from images...
2023-05-02 09:35:14 - INFO - Folder contains 500 images
2023-05-02 09:35:14 - INFO - Processing 703545.png: 1/500
2023-05-02 09:35:15 - INFO - Processing 705729.png: 2/500
2023-05-02 09:35:15 - INFO - Processing 705772.png: 3/500
2023-05-02 09:35:16 - INFO - Processing 708843.jpg: 4/500
2023-05-02 09:35:16 - INFO - Processing 708844.png: 5/500
2023-05-02 09:35:16 - INFO - Processing 709110.png: 6/500
2023-05-02 09:35:18 - INFO - Processing 710453.jpg: 7/500
2023-05-02 09:35:19 - INFO - Processing 710629.jpg: 8/500
2023-05-02 09:35:21 - INFO - Processing 711434.png: 9/500
2023-05-02 09:35:22 - INFO - Processing 711927.png: 10/500
2023-05-02 09:35:23 - INFO - Processing 712175.jpg: 11/500
2023-05-02 09:35:24 - INFO - Processing 712506.png: 12/500
2023-05-02 09:35:25 - INFO - Processing 712515.jpg: 13/500
2023-05-02 09:35:26 - INFO - Processing 712518.jpg: 14/500
2023-05-02 09:35:28 - INFO - Processing 713804.jpg: 15/500
2023-05-02 09:35:29 - INFO - Processing 713814.jpg: 16/500
2023-05-02 09:35:30 - INFO - Processing 713827.jpg: 17/500
2023-05-02 09:35:32 - INFO - Processing 714125.jpg: 18/500
2023-05-02 09:35:33 - INFO - Processing 714149.jpg: 19/500
2023-05-02 09:35:35 - INFO - Processing 714151.jpg: 20/500
2023-05-02 09:35:37 - INFO - Processing 714154.jpg: 21/500
2023-05-02 09:35:42 - INFO - Processing 714359.png: 22/500
2023-05-02 09:35:43 - INFO - Processing 714360.png: 23/500
2023-05-02 09:35:44 - INFO - Processing 714361.png: 24/500
2023-05-02 09:35:45 - INFO - Processing 714605.png: 25/500
2023-05-02 09:35:46 - INFO - Processing 716380.jpg: 26/500
2023-05-02 09:35:47 - INFO - Processing 718403.png: 27/500
2023-05-02 09:35:48 - INFO - Processing 719055.png: 28/500
2023-05-02 09:35:49 - INFO - Processing 719057.png: 29/500
2023-05-02 09:35:50 - INFO - Processing 719060.png: 30/500
2023-05-02 09:35:52 - INFO - Processing 719786.png: 31/500
2023-05-02 09:35:53 - INFO - Processing 720080.png: 32/500
2023-05-02 09:35:54 - INFO - Processing 720233.jpg: 33/500
2023-05-02 09:35:55 - INFO - Processing 720235.jpg: 34/500
2023-05-02 09:35:57 - INFO - Processing 720414.png: 35/500
2023-05-02 09:35:58 - INFO - Processing 720415.png: 36/500
2023-05-02 09:35:58 - INFO - Processing 720416.png: 37/500
2023-05-02 09:35:59 - INFO - Processing 720417.png: 38/500
2023-05-02 09:35:59 - INFO - Processing 720641.png: 39/500
2023-05-02 09:36:00 - INFO - Processing 720664.png: 40/500
2023-05-02 09:36:02 - INFO - Processing 720668.png: 41/500
2023-05-02 09:36:03 - INFO - Processing 720670.png: 42/500
2023-05-02 09:36:04 - INFO - Processing 720850.jpg: 43/500
2023-05-02 09:36:05 - INFO - Processing 721022.png: 44/500
2023-05-02 09:36:06 - INFO - Processing 721168.png: 45/500
2023-05-02 09:36:07 - INFO - Processing 721423.png: 46/500
2023-05-02 09:36:09 - INFO - Processing 721452.png: 47/500
2023-05-02 09:36:09 - INFO - Processing 721579.png: 48/500
2023-05-02 09:36:10 - INFO - Processing 721773.png: 49/500
2023-05-02 09:36:11 - INFO - Processing 721939.png: 50/500
2023-05-02 09:36:12 - INFO - Processing 722069.png: 51/500
2023-05-02 09:36:12 - INFO - Processing 722072.png: 52/500
2023-05-02 09:36:13 - INFO - Processing 722118.png: 53/500
2023-05-02 09:36:13 - INFO - Processing 722174.jpg: 54/500
2023-05-02 09:36:16 - INFO - Processing 722215.png: 55/500
2023-05-02 09:36:17 - INFO - Processing 722217.png: 56/500
2023-05-02 09:36:18 - INFO - Processing 722219.png: 57/500
2023-05-02 09:36:18 - INFO - Processing 722614.png: 58/500
2023-05-02 09:36:19 - INFO - Processing 722615.png: 59/500
2023-05-02 09:36:20 - INFO - Processing 722617.jpg: 60/500
2023-05-02 09:36:20 - INFO - Processing 722634.png: 61/500
2023-05-02 09:36:21 - INFO - Processing 722635.png: 62/500
2023-05-02 09:36:22 - INFO - Processing 722644.png: 63/500
2023-05-02 09:36:23 - INFO - Processing 722651.jpg: 64/500
2023-05-02 09:36:25 - INFO - Processing 722670.png: 65/500
2023-05-02 09:36:26 - INFO - Processing 722680.png: 66/500
2023-05-02 09:36:27 - INFO - Processing 722682.png: 67/500
2023-05-02 09:36:28 - INFO - Processing 722692.png: 68/500
2023-05-02 09:36:29 - INFO - Processing 722693.png: 69/500
2023-05-02 09:36:30 - INFO - Processing 722698.png: 70/500
2023-05-02 09:36:31 - INFO - Processing 722700.png: 71/500
2023-05-02 09:36:32 - INFO - Processing 722702.png: 72/500
2023-05-02 09:36:33 - INFO - Processing 722703.png: 73/500
2023-05-02 09:36:34 - INFO - Processing 722707.png: 74/500
2023-05-02 09:36:35 - INFO - Processing 722721.png: 75/500
2023-05-02 09:36:36 - INFO - Processing 722738.png: 76/500
2023-05-02 09:36:37 - INFO - Processing 722740.png: 77/500
2023-05-02 09:36:38 - INFO - Processing 722741.png: 78/500
2023-05-02 09:36:38 - INFO - Processing 722742.png: 79/500
2023-05-02 09:36:39 - INFO - Processing 722746.png: 80/500
2023-05-02 09:36:40 - INFO - Processing 722770.png: 81/500
2023-05-02 09:36:41 - INFO - Processing 722774.jpg: 82/500
2023-05-02 09:36:43 - INFO - Processing 722803.jpg: 83/500
2023-05-02 09:36:44 - INFO - Processing 722814.png: 84/500
2023-05-02 09:36:45 - INFO - Processing 722816.png: 85/500
2023-05-02 09:36:46 - INFO - Processing 722818.png: 86/500
2023-05-02 09:36:47 - INFO - Processing 722819.png: 87/500
2023-05-02 09:36:48 - INFO - Processing 722820.jpg: 88/500
2023-05-02 09:36:49 - INFO - Processing 722821.png: 89/500
2023-05-02 09:36:50 - INFO - Processing 722822.jpg: 90/500
2023-05-02 09:36:51 - INFO - Processing 722823.jpg: 91/500
2023-05-02 09:36:52 - INFO - Processing 722827.jpg: 92/500
2023-05-02 09:36:52 - INFO - Processing 722828.png: 93/500
2023-05-02 09:36:53 - INFO - Processing 722833.jpg: 94/500
2023-05-02 09:36:54 - INFO - Processing 722834.jpg: 95/500
2023-05-02 09:36:55 - INFO - Processing 722836.jpg: 96/500
2023-05-02 09:36:56 - INFO - Processing 722837.jpg: 97/500
2023-05-02 09:36:56 - INFO - Processing 722841.png: 98/500
2023-05-02 09:36:57 - INFO - Processing 722843.png: 99/500
2023-05-02 09:36:58 - INFO - Processing 722846.png: 100/500
2023-05-02 09:36:58 - INFO - Processing 722848.png: 101/500
2023-05-02 09:36:59 - INFO - Processing 722853.jpg: 102/500
2023-05-02 09:37:00 - INFO - Processing 722890.png: 103/500
2023-05-02 09:37:01 - INFO - Processing 722893.jpg: 104/500
2023-05-02 09:37:01 - INFO - Processing 722896.png: 105/500
2023-05-02 09:37:02 - INFO - Processing 722900.jpg: 106/500
2023-05-02 09:37:03 - INFO - Processing 722901.png: 107/500
2023-05-02 09:37:04 - INFO - Processing 722916.png: 108/500
2023-05-02 09:37:04 - INFO - Processing 722917.png: 109/500
2023-05-02 09:37:05 - INFO - Processing 722946.png: 110/500
2023-05-02 09:37:06 - INFO - Processing 722951.png: 111/500
2023-05-02 09:37:06 - INFO - Processing 722963.png: 112/500
2023-05-02 09:37:07 - INFO - Processing 722987.jpg: 113/500
2023-05-02 09:37:08 - INFO - Processing 722991.png: 114/500
2023-05-02 09:37:09 - INFO - Processing 723019.png: 115/500
2023-05-02 09:37:10 - INFO - Processing 723022.png: 116/500
2023-05-02 09:37:11 - INFO - Processing 723029.png: 117/500
2023-05-02 09:37:11 - INFO - Processing 723030.png: 118/500
2023-05-02 09:37:12 - INFO - Processing 723035.png: 119/500
2023-05-02 09:37:13 - INFO - Processing 723053.png: 120/500
2023-05-02 09:37:14 - INFO - Processing 723054.png: 121/500
2023-05-02 09:37:15 - INFO - Processing 723059.png: 122/500
2023-05-02 09:37:16 - INFO - Processing 723073.png: 123/500
2023-05-02 09:37:17 - INFO - Processing 723096.png: 124/500
2023-05-02 09:37:19 - INFO - Processing 723132.png: 125/500
2023-05-02 09:37:19 - INFO - Processing 723151.png: 126/500
2023-05-02 09:37:21 - INFO - Processing 723152.png: 127/500
2023-05-02 09:37:22 - INFO - Processing 723175.png: 128/500
2023-05-02 09:37:23 - INFO - Processing 723180.png: 129/500
2023-05-02 09:37:24 - INFO - Processing 723184.jpg: 130/500
2023-05-02 09:37:24 - INFO - Processing 723186.png: 131/500
2023-05-02 09:37:25 - INFO - Processing 723190.png: 132/500
2023-05-02 09:37:25 - INFO - Processing 723191.png: 133/500
2023-05-02 09:37:27 - INFO - Processing 723209.png: 134/500
2023-05-02 09:37:28 - INFO - Processing 723215.png: 135/500
2023-05-02 09:37:29 - INFO - Processing 723230.png: 136/500
2023-05-02 09:37:30 - INFO - Processing 723237.png: 137/500
2023-05-02 09:37:31 - INFO - Processing 723246.png: 138/500
2023-05-02 09:37:31 - INFO - Processing 723310.jpg: 139/500
2023-05-02 09:37:32 - INFO - Processing 723344.png: 140/500
2023-05-02 09:37:34 - INFO - Processing 723347.png: 141/500
2023-05-02 09:37:36 - INFO - Processing 723353.png: 142/500
2023-05-02 09:37:36 - INFO - Processing 723355.png: 143/500
2023-05-02 09:37:37 - INFO - Processing 723365.png: 144/500
2023-05-02 09:37:38 - INFO - Processing 723366.png: 145/500
2023-05-02 09:37:39 - INFO - Processing 723372.jpg: 146/500
2023-05-02 09:37:39 - INFO - Processing 723373.png: 147/500
2023-05-02 09:37:40 - INFO - Processing 723374.png: 148/500
2023-05-02 09:37:41 - INFO - Processing 723388.png: 149/500
2023-05-02 09:37:42 - INFO - Processing 723446.jpg: 150/500
2023-05-02 09:37:42 - INFO - Processing 723465.png: 151/500
2023-05-02 09:37:43 - INFO - Processing 723466.jpg: 152/500
2023-05-02 09:37:44 - INFO - Processing 723467.png: 153/500
2023-05-02 09:37:45 - INFO - Processing 723470.png: 154/500
2023-05-02 09:37:46 - INFO - Processing 723485.png: 155/500
2023-05-02 09:37:47 - INFO - Processing 723496.jpg: 156/500
2023-05-02 09:37:48 - INFO - Processing 723498.png: 157/500
2023-05-02 09:37:48 - INFO - Processing 723500.jpg: 158/500
2023-05-02 09:37:49 - INFO - Processing 723505.jpg: 159/500
2023-05-02 09:37:50 - INFO - Processing 723511.jpg: 160/500
2023-05-02 09:37:51 - INFO - Processing 723554.png: 161/500
2023-05-02 09:37:52 - INFO - Processing 723589.png: 162/500
2023-05-02 09:37:54 - INFO - Processing 723595.png: 163/500
2023-05-02 09:37:57 - INFO - Processing 723596.jpg: 164/500
2023-05-02 09:37:58 - INFO - Processing 723597.png: 165/500
2023-05-02 09:37:58 - INFO - Processing 723598.jpg: 166/500
2023-05-02 09:37:59 - INFO - Processing 723599.jpg: 167/500
2023-05-02 09:38:00 - INFO - Processing 723615.png: 168/500
2023-05-02 09:38:01 - INFO - Processing 723645.jpg: 169/500
2023-05-02 09:38:02 - INFO - Processing 723654.png: 170/500
2023-05-02 09:38:02 - INFO - Processing 723658.png: 171/500
2023-05-02 09:38:03 - INFO - Processing 723665.png: 172/500
2023-05-02 09:38:04 - INFO - Processing 723666.JPG: 173/500
2023-05-02 09:38:05 - INFO - Processing 723672.png: 174/500
2023-05-02 09:38:06 - INFO - Processing 723678.png: 175/500
2023-05-02 09:38:06 - INFO - Processing 723703.jpg: 176/500
2023-05-02 09:38:08 - INFO - Processing 723719.jpg: 177/500
2023-05-02 09:38:10 - INFO - Processing 723722.png: 178/500
2023-05-02 09:38:11 - INFO - Processing 723724.jpg: 179/500
2023-05-02 09:38:13 - INFO - Processing 723725.jpg: 180/500
2023-05-02 09:38:14 - INFO - Processing 723726.jpg: 181/500
2023-05-02 09:38:15 - INFO - Processing 723727.jpg: 182/500
2023-05-02 09:38:16 - INFO - Processing 723745.png: 183/500
2023-05-02 09:38:17 - INFO - Processing 723807.png: 184/500
2023-05-02 09:38:18 - INFO - Processing 723811.png: 185/500
2023-05-02 09:38:19 - INFO - Processing 723855.jpg: 186/500
2023-05-02 09:38:21 - INFO - Processing 723867.png: 187/500
2023-05-02 09:38:22 - INFO - Processing 723887.png: 188/500
2023-05-02 09:38:22 - INFO - Processing 723890.png: 189/500
2023-05-02 09:38:23 - INFO - Processing 723892.png: 190/500
2023-05-02 09:38:24 - INFO - Processing 723894.png: 191/500
2023-05-02 09:38:24 - INFO - Processing 723895.png: 192/500
2023-05-02 09:38:25 - INFO - Processing 723910.jpg: 193/500
2023-05-02 09:38:26 - INFO - Processing 723911.png: 194/500
2023-05-02 09:38:29 - INFO - Processing 723912.jpg: 195/500
2023-05-02 09:38:31 - INFO - Processing 723914.png: 196/500
2023-05-02 09:38:32 - INFO - Processing 723915.png: 197/500
2023-05-02 09:38:34 - INFO - Processing 723916.png: 198/500
2023-05-02 09:38:35 - INFO - Processing 723917.png: 199/500
2023-05-02 09:38:37 - INFO - Processing 723929.png: 200/500
2023-05-02 09:38:38 - INFO - Processing 723959.png: 201/500
2023-05-02 09:38:39 - INFO - Processing 724012.png: 202/500
2023-05-02 09:38:40 - INFO - Processing 724018.png: 203/500
2023-05-02 09:38:41 - INFO - Processing 724019.png: 204/500
2023-05-02 09:38:42 - INFO - Processing 724020.png: 205/500
2023-05-02 09:38:43 - INFO - Processing 724027.jpg: 206/500
2023-05-02 09:38:45 - INFO - Processing 724030.jpg: 207/500
2023-05-02 09:38:46 - INFO - Processing 724031.jpg: 208/500
2023-05-02 09:38:48 - INFO - Processing 724032.png: 209/500
2023-05-02 09:38:49 - INFO - Processing 724035.png: 210/500
2023-05-02 09:38:50 - INFO - Processing 724036.jpg: 211/500
2023-05-02 09:38:52 - INFO - Processing 724044.png: 212/500
2023-05-02 09:38:53 - INFO - Processing 724048.jpg: 213/500
2023-05-02 09:38:54 - INFO - Processing 724076.png: 214/500
2023-05-02 09:38:56 - INFO - Processing 724090.png: 215/500
2023-05-02 09:38:57 - INFO - Processing 724105.jpg: 216/500
2023-05-02 09:38:59 - INFO - Processing 724106.png: 217/500
2023-05-02 09:39:00 - INFO - Processing 724109.png: 218/500
2023-05-02 09:39:02 - INFO - Processing 724112.png: 219/500
2023-05-02 09:39:03 - INFO - Processing 724118.png: 220/500
2023-05-02 09:39:04 - INFO - Processing 724119.png: 221/500
2023-05-02 09:39:05 - INFO - Processing 724122.png: 222/500
2023-05-02 09:39:07 - INFO - Processing 724125.png: 223/500
2023-05-02 09:39:08 - INFO - Processing 724129.png: 224/500
2023-05-02 09:39:10 - INFO - Processing 724142.png: 225/500
2023-05-02 09:39:12 - INFO - Processing 724146.png: 226/500
2023-05-02 09:39:14 - INFO - Processing 724149.png: 227/500
2023-05-02 09:39:15 - INFO - Processing 724152.png: 228/500
2023-05-02 09:39:17 - INFO - Processing 724155.png: 229/500
2023-05-02 09:39:18 - INFO - Processing 724158.png: 230/500
2023-05-02 09:39:19 - INFO - Processing 724160.png: 231/500
2023-05-02 09:39:19 - INFO - Processing 724162.png: 232/500
2023-05-02 09:39:20 - INFO - Processing 724172.png: 233/500
2023-05-02 09:39:21 - INFO - Processing 724178.png: 234/500
2023-05-02 09:39:22 - INFO - Processing 724180.png: 235/500
2023-05-02 09:39:22 - INFO - Processing 724184.png: 236/500
2023-05-02 09:39:23 - INFO - Processing 724186.png: 237/500
2023-05-02 09:39:25 - INFO - Processing 724189.png: 238/500
2023-05-02 09:39:27 - INFO - Processing 724201.jpg: 239/500
2023-05-02 09:39:28 - INFO - Processing 724202.png: 240/500
2023-05-02 09:39:29 - INFO - Processing 724203.jpg: 241/500
2023-05-02 09:39:30 - INFO - Processing 724211.jpg: 242/500
2023-05-02 09:39:30 - INFO - Processing 724344.png: 243/500
2023-05-02 09:39:31 - INFO - Processing 724348.png: 244/500
2023-05-02 09:39:32 - INFO - Processing 724351.png: 245/500
2023-05-02 09:39:32 - INFO - Processing 724355.png: 246/500
2023-05-02 09:39:33 - INFO - Processing 724360.png: 247/500
2023-05-02 09:39:33 - INFO - Processing 724421.png: 248/500
2023-05-02 09:39:34 - INFO - Processing 724437.png: 249/500
2023-05-02 09:39:34 - INFO - Processing 724440.png: 250/500
2023-05-02 09:39:35 - INFO - Processing 724444.png: 251/500
2023-05-02 09:39:36 - INFO - Processing 724447.jpg: 252/500
2023-05-02 09:39:36 - INFO - Processing 724448.jpg: 253/500
2023-05-02 09:39:37 - INFO - Processing 724450.png: 254/500
2023-05-02 09:39:38 - INFO - Processing 724453.jpg: 255/500
2023-05-02 09:39:38 - INFO - Processing 724457.jpg: 256/500
2023-05-02 09:39:39 - INFO - Processing 724459.png: 257/500
2023-05-02 09:39:39 - INFO - Processing 724462.jpg: 258/500
2023-05-02 09:39:40 - INFO - Processing 724464.jpg: 259/500
2023-05-02 09:39:41 - INFO - Processing 724476.png: 260/500
2023-05-02 09:39:42 - INFO - Processing 724480.png: 261/500
2023-05-02 09:39:42 - INFO - Processing 724519.png: 262/500
2023-05-02 09:39:43 - INFO - Processing 724520.png: 263/500
2023-05-02 09:39:43 - INFO - Processing 724522.png: 264/500
2023-05-02 09:39:44 - INFO - Processing 724523.png: 265/500
2023-05-02 09:39:45 - INFO - Processing 724524.png: 266/500
2023-05-02 09:39:46 - INFO - Processing 724540.png: 267/500
2023-05-02 09:39:46 - INFO - Processing 724544.png: 268/500
2023-05-02 09:39:48 - INFO - Processing 724563.jpg: 269/500
2023-05-02 09:39:49 - INFO - Processing 724580.png: 270/500
2023-05-02 09:39:51 - INFO - Processing 724582.png: 271/500
2023-05-02 09:39:52 - INFO - Processing 724583.png: 272/500
2023-05-02 09:39:53 - INFO - Processing 724585.png: 273/500
2023-05-02 09:39:54 - INFO - Processing 724586.jpg: 274/500
2023-05-02 09:39:55 - INFO - Processing 724587.png: 275/500
2023-05-02 09:39:56 - INFO - Processing 724590.png: 276/500
2023-05-02 09:39:57 - INFO - Processing 724591.png: 277/500
2023-05-02 09:39:58 - INFO - Processing 724620.png: 278/500
2023-05-02 09:39:58 - INFO - Processing 724621.png: 279/500
2023-05-02 09:39:58 - INFO - Processing 724625.png: 280/500
2023-05-02 09:39:59 - INFO - Processing 724633.jpg: 281/500
2023-05-02 09:40:01 - INFO - Processing 724634.png: 282/500
2023-05-02 09:40:02 - INFO - Processing 724635.png: 283/500
2023-05-02 09:40:03 - INFO - Processing 724636.png: 284/500
2023-05-02 09:40:04 - INFO - Processing 724637.png: 285/500
2023-05-02 09:40:05 - INFO - Processing 724643.png: 286/500
2023-05-02 09:40:06 - INFO - Processing 724645.jpg: 287/500
2023-05-02 09:40:08 - INFO - Processing 724646.png: 288/500
2023-05-02 09:40:09 - INFO - Processing 724656.png: 289/500
2023-05-02 09:40:10 - INFO - Processing 724720.png: 290/500
2023-05-02 09:40:12 - INFO - Processing 724787.png: 291/500
2023-05-02 09:40:12 - INFO - Processing 724789.png: 292/500
2023-05-02 09:40:13 - INFO - Processing 724804.png: 293/500
2023-05-02 09:40:14 - INFO - Processing 724808.png: 294/500
2023-05-02 09:40:14 - INFO - Processing 724818.jpg: 295/500
2023-05-02 09:40:15 - INFO - Processing 724820.png: 296/500
2023-05-02 09:40:16 - INFO - Processing 724825.jpg: 297/500
2023-05-02 09:40:21 - INFO - Processing 724835.png: 298/500
2023-05-02 09:40:21 - INFO - Processing 724839.png: 299/500
2023-05-02 09:40:22 - INFO - Processing 724843.png: 300/500
2023-05-02 09:40:23 - INFO - Processing 724890.jpg: 301/500
2023-05-02 09:40:23 - INFO - Processing 724901.jpg: 302/500
2023-05-02 09:40:24 - INFO - Processing 724911.png: 303/500
2023-05-02 09:40:24 - INFO - Processing 724913.png: 304/500
2023-05-02 09:40:25 - INFO - Processing 724939.png: 305/500
2023-05-02 09:40:27 - INFO - Processing 724968.jpg: 306/500
2023-05-02 09:40:27 - INFO - Processing 724970.jpg: 307/500
2023-05-02 09:40:28 - INFO - Processing 724974.jpg: 308/500
2023-05-02 09:40:29 - INFO - Processing 724977.jpg: 309/500
2023-05-02 09:40:29 - INFO - Processing 724979.jpg: 310/500
2023-05-02 09:40:30 - INFO - Processing 725016.png: 311/500
2023-05-02 09:40:30 - INFO - Processing 725018.png: 312/500
2023-05-02 09:40:30 - INFO - Processing 725021.png: 313/500
2023-05-02 09:40:31 - INFO - Processing 725024.jpg: 314/500
2023-05-02 09:40:32 - INFO - Processing 725077.png: 315/500
2023-05-02 09:40:33 - INFO - Processing 725081.jpg: 316/500
2023-05-02 09:40:34 - INFO - Processing 725090.png: 317/500
2023-05-02 09:40:36 - INFO - Processing 725116.png: 318/500
2023-05-02 09:40:36 - INFO - Processing 725155.png: 319/500
2023-05-02 09:40:37 - INFO - Processing 725162.png: 320/500
2023-05-02 09:40:39 - INFO - Processing 725170.png: 321/500
2023-05-02 09:40:39 - INFO - Processing 725171.png: 322/500
2023-05-02 09:40:39 - INFO - Processing 725172.png: 323/500
2023-05-02 09:40:41 - INFO - Processing 725174.png: 324/500
2023-05-02 09:40:42 - INFO - Processing 725175.png: 325/500
2023-05-02 09:40:44 - INFO - Processing 725176.png: 326/500
2023-05-02 09:40:45 - INFO - Processing 725207.png: 327/500
2023-05-02 09:40:45 - INFO - Processing 725209.png: 328/500
2023-05-02 09:40:47 - INFO - Processing 725211.png: 329/500
2023-05-02 09:40:48 - INFO - Processing 725212.png: 330/500
2023-05-02 09:40:49 - INFO - Processing 725215.png: 331/500
2023-05-02 09:40:50 - INFO - Processing 725217.png: 332/500
2023-05-02 09:40:51 - INFO - Processing 725219.png: 333/500
2023-05-02 09:40:52 - INFO - Processing 725221.jpg: 334/500
2023-05-02 09:40:53 - INFO - Processing 725222.png: 335/500
2023-05-02 09:40:55 - INFO - Processing 725223.png: 336/500
2023-05-02 09:40:56 - INFO - Processing 725224.jpg: 337/500
2023-05-02 09:40:57 - INFO - Processing 725228.png: 338/500
2023-05-02 09:40:57 - INFO - Processing 725256.png: 339/500
2023-05-02 09:40:58 - INFO - Processing 725266.png: 340/500
2023-05-02 09:40:59 - INFO - Processing 725299.jpg: 341/500
2023-05-02 09:41:00 - INFO - Processing 725305.jpg: 342/500
2023-05-02 09:41:01 - INFO - Processing 725307.png: 343/500
2023-05-02 09:41:02 - INFO - Processing 725309.png: 344/500
2023-05-02 09:41:03 - INFO - Processing 725314.png: 345/500
2023-05-02 09:41:04 - INFO - Processing 725319.png: 346/500
2023-05-02 09:41:05 - INFO - Processing 725330.png: 347/500
2023-05-02 09:41:06 - INFO - Processing 725339.jpg: 348/500
2023-05-02 09:41:07 - INFO - Processing 725340.png: 349/500
2023-05-02 09:41:08 - INFO - Processing 725349.png: 350/500
2023-05-02 09:41:09 - INFO - Processing 725359.jpg: 351/500
2023-05-02 09:41:10 - INFO - Processing 725382.jpg: 352/500
2023-05-02 09:41:12 - INFO - Processing 725387.jpg: 353/500
2023-05-02 09:41:13 - INFO - Processing 725423.png: 354/500
2023-05-02 09:41:14 - INFO - Processing 725428.png: 355/500
2023-05-02 09:41:15 - INFO - Processing 725431.png: 356/500
2023-05-02 09:41:16 - INFO - Processing 725456.png: 357/500
2023-05-02 09:41:17 - INFO - Processing 725457.png: 358/500
2023-05-02 09:41:17 - INFO - Processing 725459.png: 359/500
2023-05-02 09:41:18 - INFO - Processing 725463.png: 360/500
2023-05-02 09:41:19 - INFO - Processing 725479.png: 361/500
2023-05-02 09:41:19 - INFO - Processing 725481.png: 362/500
2023-05-02 09:41:20 - INFO - Processing 725486.jpg: 363/500
2023-05-02 09:41:21 - INFO - Processing 725498.png: 364/500
2023-05-02 09:41:21 - INFO - Processing 725517.jpg: 365/500
2023-05-02 09:41:23 - INFO - Processing 725552.png: 366/500
2023-05-02 09:41:24 - INFO - Processing 725556.png: 367/500
2023-05-02 09:41:28 - INFO - Processing 725592.png: 368/500
2023-05-02 09:41:28 - INFO - Processing 725608.png: 369/500
2023-05-02 09:41:29 - INFO - Processing 725613.png: 370/500
2023-05-02 09:41:29 - INFO - Processing 725614.png: 371/500
2023-05-02 09:41:30 - INFO - Processing 725630.png: 372/500
2023-05-02 09:41:31 - INFO - Processing 725634.png: 373/500
2023-05-02 09:41:32 - INFO - Processing 725638.png: 374/500
2023-05-02 09:41:32 - INFO - Processing 725670.png: 375/500
2023-05-02 09:41:34 - INFO - Processing 725671.jpg: 376/500
2023-05-02 09:41:35 - INFO - Processing 725675.jpg: 377/500
2023-05-02 09:41:37 - INFO - Processing 725676.jpg: 378/500
2023-05-02 09:41:38 - INFO - Processing 725677.jpg: 379/500
2023-05-02 09:41:39 - INFO - Processing 725678.jpg: 380/500
2023-05-02 09:41:40 - INFO - Processing 725687.png: 381/500
2023-05-02 09:41:41 - INFO - Processing 725694.png: 382/500
2023-05-02 09:41:42 - INFO - Processing 725698.png: 383/500
2023-05-02 09:41:43 - INFO - Processing 725702.png: 384/500
2023-05-02 09:41:44 - INFO - Processing 725706.jpg: 385/500
2023-05-02 09:41:48 - INFO - Processing 725707.jpg: 386/500
2023-05-02 09:41:50 - INFO - Processing 725725.png: 387/500
2023-05-02 09:41:51 - INFO - Processing 725729.png: 388/500
2023-05-02 09:41:52 - INFO - Processing 725746.png: 389/500
2023-05-02 09:41:53 - INFO - Processing 725762.png: 390/500
2023-05-02 09:41:54 - INFO - Processing 725765.png: 391/500
2023-05-02 09:41:56 - INFO - Processing 725769.png: 392/500
2023-05-02 09:41:57 - INFO - Processing 725796.png: 393/500
2023-05-02 09:41:58 - INFO - Processing 725803.jpg: 394/500
2023-05-02 09:41:59 - INFO - Processing 725821.png: 395/500
2023-05-02 09:42:00 - INFO - Processing 725906.jpg: 396/500
2023-05-02 09:42:02 - INFO - Processing 725908.png: 397/500
2023-05-02 09:42:03 - INFO - Processing 725947.jpg: 398/500
2023-05-02 09:42:04 - INFO - Processing 725964.png: 399/500
2023-05-02 09:42:05 - INFO - Processing 725976.png: 400/500
2023-05-02 09:42:06 - INFO - Processing 725982.jpg: 401/500
2023-05-02 09:42:07 - INFO - Processing 725983.jpg: 402/500
2023-05-02 09:42:07 - INFO - Processing 725984.jpg: 403/500
2023-05-02 09:42:08 - INFO - Processing 725986.jpg: 404/500
2023-05-02 09:42:08 - INFO - Processing 726017.png: 405/500
2023-05-02 09:42:09 - INFO - Processing 726018.jpg: 406/500
2023-05-02 09:42:10 - INFO - Processing 726030.png: 407/500
2023-05-02 09:42:10 - INFO - Processing 726038.jpg: 408/500
2023-05-02 09:42:11 - INFO - Processing 726040.png: 409/500
2023-05-02 09:42:11 - INFO - Processing 726043.jpg: 410/500
2023-05-02 09:42:12 - INFO - Processing 726082.jpg: 411/500
2023-05-02 09:42:12 - INFO - Processing 726083.jpg: 412/500
2023-05-02 09:42:13 - INFO - Processing 726084.png: 413/500
2023-05-02 09:42:14 - INFO - Processing 726104.png: 414/500
2023-05-02 09:42:15 - INFO - Processing 726108.png: 415/500
2023-05-02 09:42:15 - INFO - Processing 726111.png: 416/500
2023-05-02 09:42:16 - INFO - Processing 726116.png: 417/500
2023-05-02 09:42:16 - INFO - Processing 726118.jpg: 418/500
2023-05-02 09:42:17 - INFO - Processing 726119.jpg: 419/500
2023-05-02 09:42:17 - INFO - Processing 726121.jpg: 420/500
2023-05-02 09:42:18 - INFO - Processing 726130.png: 421/500
2023-05-02 09:42:19 - INFO - Processing 726133.png: 422/500
2023-05-02 09:42:19 - INFO - Processing 726149.jpg: 423/500
2023-05-02 09:42:20 - INFO - Processing 726150.png: 424/500
2023-05-02 09:42:21 - INFO - Processing 726163.png: 425/500
2023-05-02 09:42:22 - INFO - Processing 726175.png: 426/500
2023-05-02 09:42:23 - INFO - Processing 726178.png: 427/500
2023-05-02 09:42:24 - INFO - Processing 726179.jpg: 428/500
2023-05-02 09:42:26 - INFO - Processing 726182.png: 429/500
2023-05-02 09:42:27 - INFO - Processing 726186.png: 430/500
2023-05-02 09:42:28 - INFO - Processing 726229.png: 431/500
2023-05-02 09:42:30 - INFO - Processing 726231.png: 432/500
2023-05-02 09:42:31 - INFO - Processing 726247.png: 433/500
2023-05-02 09:42:31 - INFO - Processing 726248.png: 434/500
2023-05-02 09:42:32 - INFO - Processing 726250.png: 435/500
2023-05-02 09:42:33 - INFO - Processing 726252.png: 436/500
2023-05-02 09:42:34 - INFO - Processing 726254.png: 437/500
2023-05-02 09:42:35 - INFO - Processing 726261.png: 438/500
2023-05-02 09:42:35 - INFO - Processing 726262.png: 439/500
2023-05-02 09:42:36 - INFO - Processing 726264.png: 440/500
2023-05-02 09:42:37 - INFO - Processing 726268.png: 441/500
2023-05-02 09:42:38 - INFO - Processing 726283.png: 442/500
2023-05-02 09:42:39 - INFO - Processing 726305.png: 443/500
2023-05-02 09:42:40 - INFO - Processing 726308.png: 444/500
2023-05-02 09:42:40 - INFO - Processing 726312.png: 445/500
2023-05-02 09:42:42 - INFO - Processing 726314.png: 446/500
2023-05-02 09:42:44 - INFO - Processing 726316.png: 447/500
2023-05-02 09:42:45 - INFO - Processing 726328.png: 448/500
2023-05-02 09:42:46 - INFO - Processing 726334.png: 449/500
2023-05-02 09:42:47 - INFO - Processing 726341.jpg: 450/500
2023-05-02 09:42:48 - INFO - Processing 726346.png: 451/500
2023-05-02 09:42:48 - INFO - Processing 726348.png: 452/500
2023-05-02 09:42:49 - INFO - Processing 726368.png: 453/500
2023-05-02 09:42:50 - INFO - Processing 726406.png: 454/500
2023-05-02 09:42:51 - INFO - Processing 726407.png: 455/500
2023-05-02 09:42:52 - INFO - Processing 726410.png: 456/500
2023-05-02 09:42:53 - INFO - Processing 726429.png: 457/500
2023-05-02 09:42:53 - INFO - Processing 726430.jpg: 458/500
2023-05-02 09:42:54 - INFO - Processing 726436.png: 459/500
2023-05-02 09:42:55 - INFO - Processing 726456.jpg: 460/500
2023-05-02 09:42:56 - INFO - Processing 726458.png: 461/500
2023-05-02 09:42:57 - INFO - Processing 726466.png: 462/500
2023-05-02 09:42:59 - INFO - Processing 726473.jpg: 463/500
2023-05-02 09:43:00 - INFO - Processing 726474.jpg: 464/500
2023-05-02 09:43:01 - INFO - Processing 726548.png: 465/500
2023-05-02 09:43:01 - INFO - Processing 726555.png: 466/500
2023-05-02 09:43:02 - INFO - Processing 726562.jpg: 467/500
2023-05-02 09:43:02 - INFO - Processing 726569.png: 468/500
2023-05-02 09:43:03 - INFO - Processing 726572.png: 469/500
2023-05-02 09:43:03 - INFO - Processing 726575.png: 470/500
2023-05-02 09:43:04 - INFO - Processing 726579.png: 471/500
2023-05-02 09:43:05 - INFO - Processing 726580.png: 472/500
2023-05-02 09:43:07 - INFO - Processing 726581.png: 473/500
2023-05-02 09:43:08 - INFO - Processing 726584.png: 474/500
2023-05-02 09:43:10 - INFO - Processing 726585.jpg: 475/500
2023-05-02 09:43:12 - INFO - Processing 726589.jpg: 476/500
2023-05-02 09:43:13 - INFO - Processing 726608.png: 477/500
2023-05-02 09:43:17 - INFO - Processing 726613.png: 478/500
2023-05-02 09:43:18 - INFO - Processing 726622.png: 479/500
2023-05-02 09:43:18 - INFO - Processing 726638.png: 480/500
2023-05-02 09:43:18 - INFO - Processing 726639.png: 481/500
2023-05-02 09:43:19 - INFO - Processing 726643.png: 482/500
2023-05-02 09:43:20 - INFO - Processing 726649.png: 483/500
2023-05-02 09:43:20 - INFO - Processing 726663.png: 484/500
2023-05-02 09:43:22 - INFO - Processing 726670.png: 485/500
2023-05-02 09:43:23 - INFO - Processing 726687.png: 486/500
2023-05-02 09:43:24 - INFO - Processing 726693.png: 487/500
2023-05-02 09:43:25 - INFO - Processing 726696.png: 488/500
2023-05-02 09:43:28 - INFO - Processing 726699.png: 489/500
2023-05-02 09:43:29 - INFO - Processing 726702.png: 490/500
2023-05-02 09:43:30 - INFO - Processing 726715.png: 491/500
2023-05-02 09:43:31 - INFO - Processing 726760.png: 492/500
2023-05-02 09:43:32 - INFO - Processing 726767.jpg: 493/500
2023-05-02 09:43:33 - INFO - Processing 726769.jpg: 494/500
2023-05-02 09:43:35 - INFO - Processing 726770.jpg: 495/500
2023-05-02 09:43:36 - INFO - Processing 726799.png: 496/500
2023-05-02 09:43:36 - INFO - Processing 726802.png: 497/500
2023-05-02 09:43:36 - INFO - Processing 726805.png: 498/500
2023-05-02 09:43:37 - INFO - Processing 726821.jpg: 499/500
2023-05-02 09:43:38 - INFO - Processing 726837.png: 500/500
2023-05-02 09:43:39 - INFO - Out of 500 images, 16.400000000000002% are below the accuracy threshold
2023-05-02 09:43:39 - INFO - Preprocessing Images
2023-05-02 09:50:34 - INFO - Post cleaning, 2.1999999999999997% images below threshold
2023-05-02 09:50:34 - INFO - OCR pipeline completed successfully! Starting classifying images to onet categories
2023-05-02 09:50:34 - INFO - Reading onet data
2023-05-02 09:50:35 - INFO - Reading topjobs data
2023-05-02 09:51:23 - INFO - Appending ocr output
2023-05-02 09:51:23 - INFO - Preparing sample
2023-05-02 09:51:23 - INFO - Onet corpus
2023-05-02 09:51:23 - INFO - TFIDF
2023-05-02 09:51:26 - INFO - vectorizing
2023-05-02 09:51:28 - INFO - cosine similarity
2023-05-02 09:51:28 - INFO - getting matches
