2023-05-02 19:24:15 - INFO - Reading the config file
2023-05-02 19:24:15 - INFO - Running the OCR pipeline
2023-05-02 19:24:15 - INFO - Extracting text from images...
2023-05-02 19:24:15 - INFO - Folder contains 500 images
2023-05-02 19:24:15 - INFO - Processing 703545.png: 1/500
2023-05-02 19:24:15 - INFO - Processing 705729.png: 2/500
2023-05-02 19:24:16 - INFO - Processing 705772.png: 3/500
2023-05-02 19:24:16 - INFO - Processing 708843.jpg: 4/500
2023-05-02 19:24:16 - INFO - Processing 708844.png: 5/500
2023-05-02 19:24:17 - INFO - Processing 709110.png: 6/500
2023-05-02 19:24:18 - INFO - Processing 710453.jpg: 7/500
2023-05-02 19:24:19 - INFO - Processing 710629.jpg: 8/500
2023-05-02 19:24:21 - INFO - Processing 711434.png: 9/500
2023-05-02 19:24:22 - INFO - Processing 711927.png: 10/500
2023-05-02 19:24:23 - INFO - Processing 712175.jpg: 11/500
2023-05-02 19:24:24 - INFO - Processing 712506.png: 12/500
2023-05-02 19:24:25 - INFO - Processing 712515.jpg: 13/500
2023-05-02 19:24:26 - INFO - Processing 712518.jpg: 14/500
2023-05-02 19:24:28 - INFO - Processing 713804.jpg: 15/500
2023-05-02 19:24:29 - INFO - Processing 713814.jpg: 16/500
2023-05-02 19:24:30 - INFO - Processing 713827.jpg: 17/500
2023-05-02 19:24:32 - INFO - Processing 714125.jpg: 18/500
2023-05-02 19:24:33 - INFO - Processing 714149.jpg: 19/500
2023-05-02 19:24:35 - INFO - Processing 714151.jpg: 20/500
2023-05-02 19:24:37 - INFO - Processing 714154.jpg: 21/500
2023-05-02 19:24:42 - INFO - Processing 714359.png: 22/500
2023-05-02 19:24:43 - INFO - Processing 714360.png: 23/500
2023-05-02 19:24:45 - INFO - Processing 714361.png: 24/500
2023-05-02 19:24:46 - INFO - Processing 714605.png: 25/500
2023-05-02 19:24:47 - INFO - Processing 716380.jpg: 26/500
2023-05-02 19:24:48 - INFO - Processing 718403.png: 27/500
2023-05-02 19:24:49 - INFO - Processing 719055.png: 28/500
2023-05-02 19:24:50 - INFO - Processing 719057.png: 29/500
2023-05-02 19:24:51 - INFO - Processing 719060.png: 30/500
2023-05-02 19:24:52 - INFO - Processing 719786.png: 31/500
2023-05-02 19:24:53 - INFO - Processing 720080.png: 32/500
2023-05-02 19:24:54 - INFO - Processing 720233.jpg: 33/500
2023-05-02 19:24:56 - INFO - Processing 720235.jpg: 34/500
2023-05-02 19:24:57 - INFO - Processing 720414.png: 35/500
2023-05-02 19:24:58 - INFO - Processing 720415.png: 36/500
2023-05-02 19:24:58 - INFO - Processing 720416.png: 37/500
2023-05-02 19:24:59 - INFO - Processing 720417.png: 38/500
2023-05-02 19:24:59 - INFO - Processing 720641.png: 39/500
2023-05-02 19:25:00 - INFO - Processing 720664.png: 40/500
2023-05-02 19:25:01 - INFO - Processing 720668.png: 41/500
2023-05-02 19:25:02 - INFO - Processing 720670.png: 42/500
2023-05-02 19:25:03 - INFO - Processing 720850.jpg: 43/500
2023-05-02 19:25:05 - INFO - Processing 721022.png: 44/500
2023-05-02 19:25:05 - INFO - Processing 721168.png: 45/500
2023-05-02 19:25:06 - INFO - Processing 721423.png: 46/500
2023-05-02 19:25:07 - INFO - Processing 721452.png: 47/500
2023-05-02 19:25:08 - INFO - Processing 721579.png: 48/500
2023-05-02 19:25:09 - INFO - Processing 721773.png: 49/500
2023-05-02 19:25:09 - INFO - Processing 721939.png: 50/500
2023-05-02 19:25:11 - INFO - Processing 722069.png: 51/500
2023-05-02 19:25:11 - INFO - Processing 722072.png: 52/500
2023-05-02 19:25:12 - INFO - Processing 722118.png: 53/500
2023-05-02 19:25:12 - INFO - Processing 722174.jpg: 54/500
2023-05-02 19:25:14 - INFO - Processing 722215.png: 55/500
2023-05-02 19:25:15 - INFO - Processing 722217.png: 56/500
2023-05-02 19:25:16 - INFO - Processing 722219.png: 57/500
2023-05-02 19:25:17 - INFO - Processing 722614.png: 58/500
2023-05-02 19:25:18 - INFO - Processing 722615.png: 59/500
2023-05-02 19:25:18 - INFO - Processing 722617.jpg: 60/500
2023-05-02 19:25:19 - INFO - Processing 722634.png: 61/500
2023-05-02 19:25:20 - INFO - Processing 722635.png: 62/500
2023-05-02 19:25:21 - INFO - Processing 722644.png: 63/500
2023-05-02 19:25:22 - INFO - Processing 722651.jpg: 64/500
2023-05-02 19:25:23 - INFO - Processing 722670.png: 65/500
2023-05-02 19:25:25 - INFO - Processing 722680.png: 66/500
2023-05-02 19:25:26 - INFO - Processing 722682.png: 67/500
2023-05-02 19:25:27 - INFO - Processing 722692.png: 68/500
2023-05-02 19:25:27 - INFO - Processing 722693.png: 69/500
2023-05-02 19:25:28 - INFO - Processing 722698.png: 70/500
2023-05-02 19:25:30 - INFO - Processing 722700.png: 71/500
2023-05-02 19:25:31 - INFO - Processing 722702.png: 72/500
2023-05-02 19:25:31 - INFO - Processing 722703.png: 73/500
2023-05-02 19:25:32 - INFO - Processing 722707.png: 74/500
2023-05-02 19:25:33 - INFO - Processing 722721.png: 75/500
2023-05-02 19:25:34 - INFO - Processing 722738.png: 76/500
2023-05-02 19:25:35 - INFO - Processing 722740.png: 77/500
2023-05-02 19:25:36 - INFO - Processing 722741.png: 78/500
2023-05-02 19:25:36 - INFO - Processing 722742.png: 79/500
2023-05-02 19:25:37 - INFO - Processing 722746.png: 80/500
2023-05-02 19:25:38 - INFO - Processing 722770.png: 81/500
2023-05-02 19:25:39 - INFO - Processing 722774.jpg: 82/500
2023-05-02 19:25:40 - INFO - Processing 722803.jpg: 83/500
2023-05-02 19:25:41 - INFO - Processing 722814.png: 84/500
2023-05-02 19:25:42 - INFO - Processing 722816.png: 85/500
2023-05-02 19:25:43 - INFO - Processing 722818.png: 86/500
2023-05-02 19:25:45 - INFO - Processing 722819.png: 87/500
2023-05-02 19:25:46 - INFO - Processing 722820.jpg: 88/500
2023-05-02 19:25:47 - INFO - Processing 722821.png: 89/500
2023-05-02 19:25:48 - INFO - Processing 722822.jpg: 90/500
2023-05-02 19:25:49 - INFO - Processing 722823.jpg: 91/500
2023-05-02 19:25:50 - INFO - Processing 722827.jpg: 92/500
2023-05-02 19:25:50 - INFO - Processing 722828.png: 93/500
2023-05-02 19:25:51 - INFO - Processing 722833.jpg: 94/500
2023-05-02 19:25:52 - INFO - Processing 722834.jpg: 95/500
2023-05-02 19:25:53 - INFO - Processing 722836.jpg: 96/500
2023-05-02 19:25:54 - INFO - Processing 722837.jpg: 97/500
2023-05-02 19:25:54 - INFO - Processing 722841.png: 98/500
2023-05-02 19:25:55 - INFO - Processing 722843.png: 99/500
2023-05-02 19:25:56 - INFO - Processing 722846.png: 100/500
2023-05-02 19:25:56 - INFO - Processing 722848.png: 101/500
2023-05-02 19:25:57 - INFO - Processing 722853.jpg: 102/500
2023-05-02 19:25:58 - INFO - Processing 722890.png: 103/500
2023-05-02 19:25:58 - INFO - Processing 722893.jpg: 104/500
2023-05-02 19:25:59 - INFO - Processing 722896.png: 105/500
2023-05-02 19:26:00 - INFO - Processing 722900.jpg: 106/500
2023-05-02 19:26:01 - INFO - Processing 722901.png: 107/500
2023-05-02 19:26:02 - INFO - Processing 722916.png: 108/500
2023-05-02 19:26:02 - INFO - Processing 722917.png: 109/500
2023-05-02 19:26:03 - INFO - Processing 722946.png: 110/500
2023-05-02 19:26:04 - INFO - Processing 722951.png: 111/500
2023-05-02 19:26:04 - INFO - Processing 722963.png: 112/500
2023-05-02 19:26:05 - INFO - Processing 722987.jpg: 113/500
2023-05-02 19:26:06 - INFO - Processing 722991.png: 114/500
2023-05-02 19:26:07 - INFO - Processing 723019.png: 115/500
2023-05-02 19:26:08 - INFO - Processing 723022.png: 116/500
2023-05-02 19:26:08 - INFO - Processing 723029.png: 117/500
2023-05-02 19:26:09 - INFO - Processing 723030.png: 118/500
2023-05-02 19:26:10 - INFO - Processing 723035.png: 119/500
2023-05-02 19:26:11 - INFO - Processing 723053.png: 120/500
2023-05-02 19:26:12 - INFO - Processing 723054.png: 121/500
2023-05-02 19:26:12 - INFO - Processing 723059.png: 122/500
2023-05-02 19:26:13 - INFO - Processing 723073.png: 123/500
2023-05-02 19:26:14 - INFO - Processing 723096.png: 124/500
2023-05-02 19:26:16 - INFO - Processing 723132.png: 125/500
2023-05-02 19:26:17 - INFO - Processing 723151.png: 126/500
2023-05-02 19:26:18 - INFO - Processing 723152.png: 127/500
2023-05-02 19:26:19 - INFO - Processing 723175.png: 128/500
2023-05-02 19:26:20 - INFO - Processing 723180.png: 129/500
2023-05-02 19:26:20 - INFO - Processing 723184.jpg: 130/500
2023-05-02 19:26:21 - INFO - Processing 723186.png: 131/500
2023-05-02 19:26:22 - INFO - Processing 723190.png: 132/500
2023-05-02 19:26:22 - INFO - Processing 723191.png: 133/500
2023-05-02 19:26:24 - INFO - Processing 723209.png: 134/500
2023-05-02 19:26:25 - INFO - Processing 723215.png: 135/500
2023-05-02 19:26:26 - INFO - Processing 723230.png: 136/500
2023-05-02 19:26:27 - INFO - Processing 723237.png: 137/500
2023-05-02 19:26:28 - INFO - Processing 723246.png: 138/500
2023-05-02 19:26:28 - INFO - Processing 723310.jpg: 139/500
2023-05-02 19:26:29 - INFO - Processing 723344.png: 140/500
2023-05-02 19:26:30 - INFO - Processing 723347.png: 141/500
2023-05-02 19:26:32 - INFO - Processing 723353.png: 142/500
2023-05-02 19:26:33 - INFO - Processing 723355.png: 143/500
2023-05-02 19:26:34 - INFO - Processing 723365.png: 144/500
2023-05-02 19:26:35 - INFO - Processing 723366.png: 145/500
2023-05-02 19:26:35 - INFO - Processing 723372.jpg: 146/500
2023-05-02 19:26:36 - INFO - Processing 723373.png: 147/500
2023-05-02 19:26:36 - INFO - Processing 723374.png: 148/500
2023-05-02 19:26:37 - INFO - Processing 723388.png: 149/500
2023-05-02 19:26:38 - INFO - Processing 723446.jpg: 150/500
2023-05-02 19:26:39 - INFO - Processing 723465.png: 151/500
2023-05-02 19:26:39 - INFO - Processing 723466.jpg: 152/500
2023-05-02 19:26:40 - INFO - Processing 723467.png: 153/500
2023-05-02 19:26:41 - INFO - Processing 723470.png: 154/500
2023-05-02 19:26:42 - INFO - Processing 723485.png: 155/500
2023-05-02 19:26:43 - INFO - Processing 723496.jpg: 156/500
2023-05-02 19:26:44 - INFO - Processing 723498.png: 157/500
2023-05-02 19:26:44 - INFO - Processing 723500.jpg: 158/500
2023-05-02 19:26:45 - INFO - Processing 723505.jpg: 159/500
2023-05-02 19:26:46 - INFO - Processing 723511.jpg: 160/500
2023-05-02 19:26:47 - INFO - Processing 723554.png: 161/500
2023-05-02 19:26:48 - INFO - Processing 723589.png: 162/500
2023-05-02 19:26:50 - INFO - Processing 723595.png: 163/500
2023-05-02 19:26:53 - INFO - Processing 723596.jpg: 164/500
2023-05-02 19:26:53 - INFO - Processing 723597.png: 165/500
2023-05-02 19:26:54 - INFO - Processing 723598.jpg: 166/500
2023-05-02 19:26:55 - INFO - Processing 723599.jpg: 167/500
2023-05-02 19:26:55 - INFO - Processing 723615.png: 168/500
2023-05-02 19:26:56 - INFO - Processing 723645.jpg: 169/500
2023-05-02 19:26:57 - INFO - Processing 723654.png: 170/500
2023-05-02 19:26:58 - INFO - Processing 723658.png: 171/500
2023-05-02 19:26:59 - INFO - Processing 723665.png: 172/500
2023-05-02 19:26:59 - INFO - Processing 723666.JPG: 173/500
2023-05-02 19:27:01 - INFO - Processing 723672.png: 174/500
2023-05-02 19:27:01 - INFO - Processing 723678.png: 175/500
2023-05-02 19:27:02 - INFO - Processing 723703.jpg: 176/500
2023-05-02 19:27:03 - INFO - Processing 723719.jpg: 177/500
2023-05-02 19:27:05 - INFO - Processing 723722.png: 178/500
2023-05-02 19:27:07 - INFO - Processing 723724.jpg: 179/500
2023-05-02 19:27:08 - INFO - Processing 723725.jpg: 180/500
2023-05-02 19:27:09 - INFO - Processing 723726.jpg: 181/500
2023-05-02 19:27:10 - INFO - Processing 723727.jpg: 182/500
2023-05-02 19:27:11 - INFO - Processing 723745.png: 183/500
2023-05-02 19:27:12 - INFO - Processing 723807.png: 184/500
2023-05-02 19:27:13 - INFO - Processing 723811.png: 185/500
2023-05-02 19:27:14 - INFO - Processing 723855.jpg: 186/500
2023-05-02 19:27:15 - INFO - Processing 723867.png: 187/500
2023-05-02 19:27:17 - INFO - Processing 723887.png: 188/500
2023-05-02 19:27:17 - INFO - Processing 723890.png: 189/500
2023-05-02 19:27:18 - INFO - Processing 723892.png: 190/500
2023-05-02 19:27:18 - INFO - Processing 723894.png: 191/500
2023-05-02 19:27:19 - INFO - Processing 723895.png: 192/500
2023-05-02 19:27:20 - INFO - Processing 723910.jpg: 193/500
2023-05-02 19:27:21 - INFO - Processing 723911.png: 194/500
2023-05-02 19:27:24 - INFO - Processing 723912.jpg: 195/500
2023-05-02 19:27:26 - INFO - Processing 723914.png: 196/500
2023-05-02 19:27:27 - INFO - Processing 723915.png: 197/500
2023-05-02 19:27:29 - INFO - Processing 723916.png: 198/500
2023-05-02 19:27:30 - INFO - Processing 723917.png: 199/500
2023-05-02 19:27:32 - INFO - Processing 723929.png: 200/500
2023-05-02 19:27:33 - INFO - Processing 723959.png: 201/500
2023-05-02 19:27:34 - INFO - Processing 724012.png: 202/500
2023-05-02 19:27:34 - INFO - Processing 724018.png: 203/500
2023-05-02 19:27:36 - INFO - Processing 724019.png: 204/500
2023-05-02 19:27:37 - INFO - Processing 724020.png: 205/500
2023-05-02 19:27:38 - INFO - Processing 724027.jpg: 206/500
2023-05-02 19:27:40 - INFO - Processing 724030.jpg: 207/500
2023-05-02 19:27:41 - INFO - Processing 724031.jpg: 208/500
2023-05-02 19:27:43 - INFO - Processing 724032.png: 209/500
2023-05-02 19:27:44 - INFO - Processing 724035.png: 210/500
2023-05-02 19:27:45 - INFO - Processing 724036.jpg: 211/500
2023-05-02 19:27:47 - INFO - Processing 724044.png: 212/500
2023-05-02 19:27:48 - INFO - Processing 724048.jpg: 213/500
2023-05-02 19:27:49 - INFO - Processing 724076.png: 214/500
2023-05-02 19:27:51 - INFO - Processing 724090.png: 215/500
2023-05-02 19:27:52 - INFO - Processing 724105.jpg: 216/500
2023-05-02 19:27:54 - INFO - Processing 724106.png: 217/500
2023-05-02 19:27:55 - INFO - Processing 724109.png: 218/500
2023-05-02 19:27:57 - INFO - Processing 724112.png: 219/500
2023-05-02 19:27:58 - INFO - Processing 724118.png: 220/500
2023-05-02 19:27:59 - INFO - Processing 724119.png: 221/500
2023-05-02 19:28:00 - INFO - Processing 724122.png: 222/500
2023-05-02 19:28:02 - INFO - Processing 724125.png: 223/500
2023-05-02 19:28:03 - INFO - Processing 724129.png: 224/500
2023-05-02 19:28:05 - INFO - Processing 724142.png: 225/500
2023-05-02 19:28:07 - INFO - Processing 724146.png: 226/500
2023-05-02 19:28:09 - INFO - Processing 724149.png: 227/500
2023-05-02 19:28:10 - INFO - Processing 724152.png: 228/500
2023-05-02 19:28:12 - INFO - Processing 724155.png: 229/500
2023-05-02 19:28:13 - INFO - Processing 724158.png: 230/500
2023-05-02 19:28:14 - INFO - Processing 724160.png: 231/500
2023-05-02 19:28:15 - INFO - Processing 724162.png: 232/500
2023-05-02 19:28:15 - INFO - Processing 724172.png: 233/500
2023-05-02 19:28:16 - INFO - Processing 724178.png: 234/500
2023-05-02 19:28:17 - INFO - Processing 724180.png: 235/500
2023-05-02 19:28:18 - INFO - Processing 724184.png: 236/500
2023-05-02 19:28:19 - INFO - Processing 724186.png: 237/500
2023-05-02 19:28:20 - INFO - Processing 724189.png: 238/500
2023-05-02 19:28:22 - INFO - Processing 724201.jpg: 239/500
2023-05-02 19:28:23 - INFO - Processing 724202.png: 240/500
2023-05-02 19:28:24 - INFO - Processing 724203.jpg: 241/500
2023-05-02 19:28:25 - INFO - Processing 724211.jpg: 242/500
2023-05-02 19:28:26 - INFO - Processing 724344.png: 243/500
2023-05-02 19:28:26 - INFO - Processing 724348.png: 244/500
2023-05-02 19:28:27 - INFO - Processing 724351.png: 245/500
2023-05-02 19:28:28 - INFO - Processing 724355.png: 246/500
2023-05-02 19:28:28 - INFO - Processing 724360.png: 247/500
2023-05-02 19:28:29 - INFO - Processing 724421.png: 248/500
2023-05-02 19:28:30 - INFO - Processing 724437.png: 249/500
2023-05-02 19:28:30 - INFO - Processing 724440.png: 250/500
2023-05-02 19:28:31 - INFO - Processing 724444.png: 251/500
2023-05-02 19:28:32 - INFO - Processing 724447.jpg: 252/500
2023-05-02 19:28:32 - INFO - Processing 724448.jpg: 253/500
2023-05-02 19:28:33 - INFO - Processing 724450.png: 254/500
2023-05-02 19:28:34 - INFO - Processing 724453.jpg: 255/500
2023-05-02 19:28:34 - INFO - Processing 724457.jpg: 256/500
2023-05-02 19:28:35 - INFO - Processing 724459.png: 257/500
2023-05-02 19:28:36 - INFO - Processing 724462.jpg: 258/500
2023-05-02 19:28:36 - INFO - Processing 724464.jpg: 259/500
2023-05-02 19:28:37 - INFO - Processing 724476.png: 260/500
2023-05-02 19:28:38 - INFO - Processing 724480.png: 261/500
2023-05-02 19:28:39 - INFO - Processing 724519.png: 262/500
2023-05-02 19:28:39 - INFO - Processing 724520.png: 263/500
2023-05-02 19:28:40 - INFO - Processing 724522.png: 264/500
2023-05-02 19:28:40 - INFO - Processing 724523.png: 265/500
2023-05-02 19:28:41 - INFO - Processing 724524.png: 266/500
2023-05-02 19:28:42 - INFO - Processing 724540.png: 267/500
2023-05-02 19:28:42 - INFO - Processing 724544.png: 268/500
2023-05-02 19:28:44 - INFO - Processing 724563.jpg: 269/500
2023-05-02 19:28:45 - INFO - Processing 724580.png: 270/500
2023-05-02 19:28:46 - INFO - Processing 724582.png: 271/500
2023-05-02 19:28:47 - INFO - Processing 724583.png: 272/500
2023-05-02 19:28:49 - INFO - Processing 724585.png: 273/500
2023-05-02 19:28:50 - INFO - Processing 724586.jpg: 274/500
2023-05-02 19:28:51 - INFO - Processing 724587.png: 275/500
2023-05-02 19:28:52 - INFO - Processing 724590.png: 276/500
2023-05-02 19:28:53 - INFO - Processing 724591.png: 277/500
2023-05-02 19:28:54 - INFO - Processing 724620.png: 278/500
2023-05-02 19:28:54 - INFO - Processing 724621.png: 279/500
2023-05-02 19:28:54 - INFO - Processing 724625.png: 280/500
2023-05-02 19:28:55 - INFO - Processing 724633.jpg: 281/500
2023-05-02 19:28:57 - INFO - Processing 724634.png: 282/500
2023-05-02 19:28:59 - INFO - Processing 724635.png: 283/500
2023-05-02 19:28:59 - INFO - Processing 724636.png: 284/500
2023-05-02 19:29:00 - INFO - Processing 724637.png: 285/500
2023-05-02 19:29:01 - INFO - Processing 724643.png: 286/500
2023-05-02 19:29:02 - INFO - Processing 724645.jpg: 287/500
2023-05-02 19:29:04 - INFO - Processing 724646.png: 288/500
2023-05-02 19:29:05 - INFO - Processing 724656.png: 289/500
2023-05-02 19:29:06 - INFO - Processing 724720.png: 290/500
2023-05-02 19:29:08 - INFO - Processing 724787.png: 291/500
2023-05-02 19:29:09 - INFO - Processing 724789.png: 292/500
2023-05-02 19:29:09 - INFO - Processing 724804.png: 293/500
2023-05-02 19:29:10 - INFO - Processing 724808.png: 294/500
2023-05-02 19:29:11 - INFO - Processing 724818.jpg: 295/500
2023-05-02 19:29:12 - INFO - Processing 724820.png: 296/500
2023-05-02 19:29:13 - INFO - Processing 724825.jpg: 297/500
2023-05-02 19:29:18 - INFO - Processing 724835.png: 298/500
2023-05-02 19:29:18 - INFO - Processing 724839.png: 299/500
2023-05-02 19:29:19 - INFO - Processing 724843.png: 300/500
2023-05-02 19:29:19 - INFO - Processing 724890.jpg: 301/500
2023-05-02 19:29:20 - INFO - Processing 724901.jpg: 302/500
2023-05-02 19:29:20 - INFO - Processing 724911.png: 303/500
2023-05-02 19:29:21 - INFO - Processing 724913.png: 304/500
2023-05-02 19:29:22 - INFO - Processing 724939.png: 305/500
2023-05-02 19:29:23 - INFO - Processing 724968.jpg: 306/500
2023-05-02 19:29:23 - INFO - Processing 724970.jpg: 307/500
2023-05-02 19:29:24 - INFO - Processing 724974.jpg: 308/500
2023-05-02 19:29:25 - INFO - Processing 724977.jpg: 309/500
2023-05-02 19:29:26 - INFO - Processing 724979.jpg: 310/500
2023-05-02 19:29:26 - INFO - Processing 725016.png: 311/500
2023-05-02 19:29:26 - INFO - Processing 725018.png: 312/500
2023-05-02 19:29:27 - INFO - Processing 725021.png: 313/500
2023-05-02 19:29:28 - INFO - Processing 725024.jpg: 314/500
2023-05-02 19:29:28 - INFO - Processing 725077.png: 315/500
2023-05-02 19:29:29 - INFO - Processing 725081.jpg: 316/500
2023-05-02 19:29:31 - INFO - Processing 725090.png: 317/500
2023-05-02 19:29:32 - INFO - Processing 725116.png: 318/500
2023-05-02 19:29:33 - INFO - Processing 725155.png: 319/500
2023-05-02 19:29:34 - INFO - Processing 725162.png: 320/500
2023-05-02 19:29:35 - INFO - Processing 725170.png: 321/500
2023-05-02 19:29:35 - INFO - Processing 725171.png: 322/500
2023-05-02 19:29:36 - INFO - Processing 725172.png: 323/500
2023-05-02 19:29:37 - INFO - Processing 725174.png: 324/500
2023-05-02 19:29:38 - INFO - Processing 725175.png: 325/500
2023-05-02 19:29:40 - INFO - Processing 725176.png: 326/500
2023-05-02 19:29:41 - INFO - Processing 725207.png: 327/500
2023-05-02 19:29:42 - INFO - Processing 725209.png: 328/500
2023-05-02 19:29:44 - INFO - Processing 725211.png: 329/500
2023-05-02 19:29:45 - INFO - Processing 725212.png: 330/500
2023-05-02 19:29:46 - INFO - Processing 725215.png: 331/500
2023-05-02 19:29:47 - INFO - Processing 725217.png: 332/500
2023-05-02 19:29:48 - INFO - Processing 725219.png: 333/500
2023-05-02 19:29:48 - INFO - Processing 725221.jpg: 334/500
2023-05-02 19:29:50 - INFO - Processing 725222.png: 335/500
2023-05-02 19:29:51 - INFO - Processing 725223.png: 336/500
2023-05-02 19:29:52 - INFO - Processing 725224.jpg: 337/500
2023-05-02 19:29:53 - INFO - Processing 725228.png: 338/500
2023-05-02 19:29:54 - INFO - Processing 725256.png: 339/500
2023-05-02 19:29:55 - INFO - Processing 725266.png: 340/500
2023-05-02 19:29:55 - INFO - Processing 725299.jpg: 341/500
2023-05-02 19:29:56 - INFO - Processing 725305.jpg: 342/500
2023-05-02 19:29:57 - INFO - Processing 725307.png: 343/500
2023-05-02 19:29:59 - INFO - Processing 725309.png: 344/500
2023-05-02 19:30:00 - INFO - Processing 725314.png: 345/500
2023-05-02 19:30:01 - INFO - Processing 725319.png: 346/500
2023-05-02 19:30:02 - INFO - Processing 725330.png: 347/500
2023-05-02 19:30:03 - INFO - Processing 725339.jpg: 348/500
2023-05-02 19:30:04 - INFO - Processing 725340.png: 349/500
2023-05-02 19:30:05 - INFO - Processing 725349.png: 350/500
2023-05-02 19:30:05 - INFO - Processing 725359.jpg: 351/500
2023-05-02 19:30:06 - INFO - Processing 725382.jpg: 352/500
2023-05-02 19:30:08 - INFO - Processing 725387.jpg: 353/500
2023-05-02 19:30:09 - INFO - Processing 725423.png: 354/500
2023-05-02 19:30:10 - INFO - Processing 725428.png: 355/500
2023-05-02 19:30:11 - INFO - Processing 725431.png: 356/500
2023-05-02 19:30:12 - INFO - Processing 725456.png: 357/500
2023-05-02 19:30:14 - INFO - Processing 725457.png: 358/500
2023-05-02 19:30:14 - INFO - Processing 725459.png: 359/500
2023-05-02 19:30:14 - INFO - Processing 725463.png: 360/500
2023-05-02 19:30:15 - INFO - Processing 725479.png: 361/500
2023-05-02 19:30:16 - INFO - Processing 725481.png: 362/500
2023-05-02 19:30:17 - INFO - Processing 725486.jpg: 363/500
2023-05-02 19:30:17 - INFO - Processing 725498.png: 364/500
2023-05-02 19:30:18 - INFO - Processing 725517.jpg: 365/500
2023-05-02 19:30:20 - INFO - Processing 725552.png: 366/500
2023-05-02 19:30:21 - INFO - Processing 725556.png: 367/500
2023-05-02 19:30:24 - INFO - Processing 725592.png: 368/500
2023-05-02 19:30:25 - INFO - Processing 725608.png: 369/500
2023-05-02 19:30:25 - INFO - Processing 725613.png: 370/500
2023-05-02 19:30:26 - INFO - Processing 725614.png: 371/500
2023-05-02 19:30:27 - INFO - Processing 725630.png: 372/500
2023-05-02 19:30:27 - INFO - Processing 725634.png: 373/500
2023-05-02 19:30:28 - INFO - Processing 725638.png: 374/500
2023-05-02 19:30:29 - INFO - Processing 725670.png: 375/500
2023-05-02 19:30:30 - INFO - Processing 725671.jpg: 376/500
2023-05-02 19:30:32 - INFO - Processing 725675.jpg: 377/500
2023-05-02 19:30:33 - INFO - Processing 725676.jpg: 378/500
2023-05-02 19:30:35 - INFO - Processing 725677.jpg: 379/500
2023-05-02 19:30:36 - INFO - Processing 725678.jpg: 380/500
2023-05-02 19:30:37 - INFO - Processing 725687.png: 381/500
2023-05-02 19:30:38 - INFO - Processing 725694.png: 382/500
2023-05-02 19:30:39 - INFO - Processing 725698.png: 383/500
2023-05-02 19:30:40 - INFO - Processing 725702.png: 384/500
2023-05-02 19:30:41 - INFO - Processing 725706.jpg: 385/500
2023-05-02 19:30:45 - INFO - Processing 725707.jpg: 386/500
2023-05-02 19:30:47 - INFO - Processing 725725.png: 387/500
2023-05-02 19:30:48 - INFO - Processing 725729.png: 388/500
2023-05-02 19:30:49 - INFO - Processing 725746.png: 389/500
2023-05-02 19:30:50 - INFO - Processing 725762.png: 390/500
2023-05-02 19:30:51 - INFO - Processing 725765.png: 391/500
2023-05-02 19:30:53 - INFO - Processing 725769.png: 392/500
2023-05-02 19:30:54 - INFO - Processing 725796.png: 393/500
2023-05-02 19:30:55 - INFO - Processing 725803.jpg: 394/500
2023-05-02 19:30:57 - INFO - Processing 725821.png: 395/500
2023-05-02 19:30:57 - INFO - Processing 725906.jpg: 396/500
2023-05-02 19:30:59 - INFO - Processing 725908.png: 397/500
2023-05-02 19:31:00 - INFO - Processing 725947.jpg: 398/500
2023-05-02 19:31:02 - INFO - Processing 725964.png: 399/500
2023-05-02 19:31:03 - INFO - Processing 725976.png: 400/500
2023-05-02 19:31:04 - INFO - Processing 725982.jpg: 401/500
2023-05-02 19:31:04 - INFO - Processing 725983.jpg: 402/500
2023-05-02 19:31:05 - INFO - Processing 725984.jpg: 403/500
2023-05-02 19:31:05 - INFO - Processing 725986.jpg: 404/500
2023-05-02 19:31:06 - INFO - Processing 726017.png: 405/500
2023-05-02 19:31:07 - INFO - Processing 726018.jpg: 406/500
2023-05-02 19:31:07 - INFO - Processing 726030.png: 407/500
2023-05-02 19:31:08 - INFO - Processing 726038.jpg: 408/500
2023-05-02 19:31:09 - INFO - Processing 726040.png: 409/500
2023-05-02 19:31:09 - INFO - Processing 726043.jpg: 410/500
2023-05-02 19:31:10 - INFO - Processing 726082.jpg: 411/500
2023-05-02 19:31:11 - INFO - Processing 726083.jpg: 412/500
2023-05-02 19:31:12 - INFO - Processing 726084.png: 413/500
2023-05-02 19:31:12 - INFO - Processing 726104.png: 414/500
2023-05-02 19:31:13 - INFO - Processing 726108.png: 415/500
2023-05-02 19:31:14 - INFO - Processing 726111.png: 416/500
2023-05-02 19:31:15 - INFO - Processing 726116.png: 417/500
2023-05-02 19:31:15 - INFO - Processing 726118.jpg: 418/500
2023-05-02 19:31:16 - INFO - Processing 726119.jpg: 419/500
2023-05-02 19:31:16 - INFO - Processing 726121.jpg: 420/500
2023-05-02 19:31:17 - INFO - Processing 726130.png: 421/500
2023-05-02 19:31:18 - INFO - Processing 726133.png: 422/500
2023-05-02 19:31:18 - INFO - Processing 726149.jpg: 423/500
2023-05-02 19:31:19 - INFO - Processing 726150.png: 424/500
2023-05-02 19:31:21 - INFO - Processing 726163.png: 425/500
2023-05-02 19:31:21 - INFO - Processing 726175.png: 426/500
2023-05-02 19:31:22 - INFO - Processing 726178.png: 427/500
2023-05-02 19:31:23 - INFO - Processing 726179.jpg: 428/500
2023-05-02 19:31:25 - INFO - Processing 726182.png: 429/500
2023-05-02 19:31:26 - INFO - Processing 726186.png: 430/500
2023-05-02 19:31:28 - INFO - Processing 726229.png: 431/500
2023-05-02 19:31:29 - INFO - Processing 726231.png: 432/500
2023-05-02 19:31:30 - INFO - Processing 726247.png: 433/500
2023-05-02 19:31:31 - INFO - Processing 726248.png: 434/500
2023-05-02 19:31:32 - INFO - Processing 726250.png: 435/500
2023-05-02 19:31:32 - INFO - Processing 726252.png: 436/500
2023-05-02 19:31:34 - INFO - Processing 726254.png: 437/500
2023-05-02 19:31:34 - INFO - Processing 726261.png: 438/500
2023-05-02 19:31:35 - INFO - Processing 726262.png: 439/500
2023-05-02 19:31:36 - INFO - Processing 726264.png: 440/500
2023-05-02 19:31:37 - INFO - Processing 726268.png: 441/500
2023-05-02 19:31:38 - INFO - Processing 726283.png: 442/500
2023-05-02 19:31:39 - INFO - Processing 726305.png: 443/500
2023-05-02 19:31:40 - INFO - Processing 726308.png: 444/500
2023-05-02 19:31:41 - INFO - Processing 726312.png: 445/500
2023-05-02 19:31:42 - INFO - Processing 726314.png: 446/500
2023-05-02 19:31:44 - INFO - Processing 726316.png: 447/500
2023-05-02 19:31:46 - INFO - Processing 726328.png: 448/500
2023-05-02 19:31:47 - INFO - Processing 726334.png: 449/500
2023-05-02 19:31:48 - INFO - Processing 726341.jpg: 450/500
2023-05-02 19:31:48 - INFO - Processing 726346.png: 451/500
2023-05-02 19:31:49 - INFO - Processing 726348.png: 452/500
2023-05-02 19:31:50 - INFO - Processing 726368.png: 453/500
2023-05-02 19:31:51 - INFO - Processing 726406.png: 454/500
2023-05-02 19:31:51 - INFO - Processing 726407.png: 455/500
2023-05-02 19:31:52 - INFO - Processing 726410.png: 456/500
2023-05-02 19:31:53 - INFO - Processing 726429.png: 457/500
2023-05-02 19:31:54 - INFO - Processing 726430.jpg: 458/500
2023-05-02 19:31:55 - INFO - Processing 726436.png: 459/500
2023-05-02 19:31:56 - INFO - Processing 726456.jpg: 460/500
2023-05-02 19:31:57 - INFO - Processing 726458.png: 461/500
2023-05-02 19:31:58 - INFO - Processing 726466.png: 462/500
2023-05-02 19:32:00 - INFO - Processing 726473.jpg: 463/500
2023-05-02 19:32:01 - INFO - Processing 726474.jpg: 464/500
2023-05-02 19:32:02 - INFO - Processing 726548.png: 465/500
2023-05-02 19:32:03 - INFO - Processing 726555.png: 466/500
2023-05-02 19:32:03 - INFO - Processing 726562.jpg: 467/500
2023-05-02 19:32:04 - INFO - Processing 726569.png: 468/500
2023-05-02 19:32:05 - INFO - Processing 726572.png: 469/500
2023-05-02 19:32:06 - INFO - Processing 726575.png: 470/500
2023-05-02 19:32:06 - INFO - Processing 726579.png: 471/500
2023-05-02 19:32:08 - INFO - Processing 726580.png: 472/500
2023-05-02 19:32:09 - INFO - Processing 726581.png: 473/500
2023-05-02 19:32:10 - INFO - Processing 726584.png: 474/500
2023-05-02 19:32:12 - INFO - Processing 726585.jpg: 475/500
2023-05-02 19:32:14 - INFO - Processing 726589.jpg: 476/500
2023-05-02 19:32:16 - INFO - Processing 726608.png: 477/500
2023-05-02 19:32:19 - INFO - Processing 726613.png: 478/500
2023-05-02 19:32:20 - INFO - Processing 726622.png: 479/500
2023-05-02 19:32:20 - INFO - Processing 726638.png: 480/500
2023-05-02 19:32:21 - INFO - Processing 726639.png: 481/500
2023-05-02 19:32:21 - INFO - Processing 726643.png: 482/500
2023-05-02 19:32:22 - INFO - Processing 726649.png: 483/500
2023-05-02 19:32:23 - INFO - Processing 726663.png: 484/500
2023-05-02 19:32:25 - INFO - Processing 726670.png: 485/500
2023-05-02 19:32:26 - INFO - Processing 726687.png: 486/500
2023-05-02 19:32:27 - INFO - Processing 726693.png: 487/500
2023-05-02 19:32:28 - INFO - Processing 726696.png: 488/500
2023-05-02 19:32:31 - INFO - Processing 726699.png: 489/500
2023-05-02 19:32:32 - INFO - Processing 726702.png: 490/500
2023-05-02 19:32:33 - INFO - Processing 726715.png: 491/500
2023-05-02 19:32:34 - INFO - Processing 726760.png: 492/500
2023-05-02 19:32:35 - INFO - Processing 726767.jpg: 493/500
2023-05-02 19:32:37 - INFO - Processing 726769.jpg: 494/500
2023-05-02 19:32:38 - INFO - Processing 726770.jpg: 495/500
2023-05-02 19:32:39 - INFO - Processing 726799.png: 496/500
2023-05-02 19:32:39 - INFO - Processing 726802.png: 497/500
2023-05-02 19:32:40 - INFO - Processing 726805.png: 498/500
2023-05-02 19:32:41 - INFO - Processing 726821.jpg: 499/500
2023-05-02 19:32:42 - INFO - Processing 726837.png: 500/500
2023-05-02 19:32:43 - INFO - Out of 500 images, 16.400000000000002% are below the accuracy threshold
2023-05-02 19:32:43 - INFO - Preprocessing Images
2023-05-02 19:39:34 - INFO - Post cleaning, 2.1999999999999997% images below threshold
2023-05-02 19:39:35 - INFO - OCR pipeline completed successfully! Starting classifying images to onet categories
2023-05-02 19:39:35 - INFO - Reading onet data
2023-05-02 19:39:35 - INFO - Reading topjobs data
2023-05-02 19:40:28 - INFO - Appending ocr output
2023-05-02 19:40:29 - INFO - Preparing sample
2023-05-02 19:40:29 - INFO - Onet corpus
2023-05-02 19:40:29 - INFO - TFIDF
2023-05-02 19:40:32 - INFO - vectorizing
2023-05-02 19:40:34 - INFO - cosine similarity
2023-05-02 19:40:34 - INFO - getting matches
